2015:03:09 05:31:55 - –ó–∞–ø–∏—Å—å —Å —É–∫–∞–∑–∞–Ω–Ω—ã–º –∏–¥–µ–Ω—Ç–∏—Ñ–∏–∫–∞—Ç–æ—Ä–æ–º –Ω–µ –Ω–∞–π–¥–µ–Ω–∞ ! 
2015:03:09 05:33:21 - –ó–∞–ø–∏—Å—å —Å —É–∫–∞–∑–∞–Ω–Ω—ã–º –∏–¥–µ–Ω—Ç–∏—Ñ–∏–∫–∞—Ç–æ—Ä–æ–º –Ω–µ –Ω–∞–π–¥–µ–Ω–∞ ! 
2015:03:09 05:38:22 - –ó–∞–ø–∏—Å—å —Å —É–∫–∞–∑–∞–Ω–Ω—ã–º –∏–¥–µ–Ω—Ç–∏—Ñ–∏–∫–∞—Ç–æ—Ä–æ–º –Ω–µ –Ω–∞–π–¥–µ–Ω–∞ !  - 54 - C:\OpenServer\domains\php2\lesson6\classes\AbstractModel.php
2015:03:09 05:38:25 - –ó–∞–ø–∏—Å—å —Å —É–∫–∞–∑–∞–Ω–Ω—ã–º –∏–¥–µ–Ω—Ç–∏—Ñ–∏–∫–∞—Ç–æ—Ä–æ–º –Ω–µ –Ω–∞–π–¥–µ–Ω–∞ !  - 54 - C:\OpenServer\domains\php2\lesson6\classes\AbstractModel.php
2015:03:09 06:00:39 - SQLSTATE[HY000] [1045] Access denied for user 'root2'@'localhost' (using password: NO) - 26 - C:\OpenServer\domains\php2\lesson6\settings\PDOConfig.php
2015:03:09 06:02:33 - SQLSTATE[HY000] [1045] Access denied for user 'root'@'localhost' (using password: YES) - 26 - C:\OpenServer\domains\php2\lesson6\settings\PDOConfig.php
2015:03:09 06:03:24 - SQLSTATE[HY000] [2002] php_network_getaddresses: getaddrinfo failed: ›ÚÓÚ ıÓÒÚ ÌÂËÁ‚ÂÒÚÂÌ.  - 26 - C:\OpenServer\domains\php2\lesson6\settings\PDOConfig.php
2015:03:09 06:13:22 - –ù–µ —É–¥–∞–ª–æ—Å—å –ø–æ–¥–∫–ª—é—á–∏—Ç—å—Å—è –∫ –ë–î ! - 17 - C:\OpenServer\domains\php2\lesson6\models\db.php
2015:03:09 06:13:34 - –ù–µ —É–¥–∞–ª–æ—Å—å –ø–æ–¥–∫–ª—é—á–∏—Ç—å—Å—è –∫ –ë–î ! - 17 - C:\OpenServer\domains\php2\lesson6\models\db.php
2015:03:09 06:13:34 - –ù–µ —É–¥–∞–ª–æ—Å—å –ø–æ–¥–∫–ª—é—á–∏—Ç—å—Å—è –∫ –ë–î ! - 17 - C:\OpenServer\domains\php2\lesson6\models\db.php
2015:03:09 06:20:36 - –ù–µ —É–¥–∞–ª–æ—Å—å –ø–æ–¥–∫–ª—é—á–∏—Ç—å—Å—è –∫ –ë–î ! - 17 - C:\OpenServer\domains\php2\lesson6\models\db.php
2015:03:09 06:20:38 - –ù–µ —É–¥–∞–ª–æ—Å—å –ø–æ–¥–∫–ª—é—á–∏—Ç—å—Å—è –∫ –ë–î ! - 17 - C:\OpenServer\domains\php2\lesson6\models\db.php
2015:03:09 06:26:19 - –ó–∞–ø–∏—Å—å —Å —É–∫–∞–∑–∞–Ω–Ω—ã–º –∏–¥–µ–Ω—Ç–∏—Ñ–∏–∫–∞—Ç–æ—Ä–æ–º –Ω–µ –Ω–∞–π–¥–µ–Ω–∞ !  - 54 - C:\OpenServer\domains\php2\lesson6\classes\AbstractModel.php
2015:03:09 06:26:32 - –ó–∞–ø–∏—Å—å —Å —É–∫–∞–∑–∞–Ω–Ω—ã–º –∏–¥–µ–Ω—Ç–∏—Ñ–∏–∫–∞—Ç–æ—Ä–æ–º –Ω–µ –Ω–∞–π–¥–µ–Ω–∞ !  - 54 - C:\OpenServer\domains\php2\lesson6\classes\AbstractModel.php
2015:03:09 07:28:12 - –ó–∞–ø–∏—Å—å —Å —É–∫–∞–∑–∞–Ω–Ω—ã–º –∏–¥–µ–Ω—Ç–∏—Ñ–∏–∫–∞—Ç–æ—Ä–æ–º –Ω–µ –Ω–∞–π–¥–µ–Ω–∞ !  - —Å—Ç—Ä.53 –≤ —Ñ–∞–π–ª–µ C:\OpenServer\domains\php2\lesson6\classes\AbstractModel.php
2015:03:09 07:28:32 - –ó–∞–ø–∏—Å—å —Å —É–∫–∞–∑–∞–Ω–Ω—ã–º –∏–¥–µ–Ω—Ç–∏—Ñ–∏–∫–∞—Ç–æ—Ä–æ–º –Ω–µ –Ω–∞–π–¥–µ–Ω–∞ !  - —Å—Ç—Ä.53 –≤ —Ñ–∞–π–ª–µ C:\OpenServer\domains\php2\lesson6\classes\AbstractModel.php
2015:03:09 07:31:04 - –ó–∞–ø–∏—Å—å —Å —É–∫–∞–∑–∞–Ω–Ω—ã–º –∏–¥–µ–Ω—Ç–∏—Ñ–∏–∫–∞—Ç–æ—Ä–æ–º –Ω–µ –Ω–∞–π–¥–µ–Ω–∞ !  - —Å—Ç—Ä.53 –≤ —Ñ–∞–π–ª–µ C:\OpenServer\domains\php2\lesson6\classes\AbstractModel.php
2015:03:09 07:31:25 - –ó–∞–ø–∏—Å—å —Å —É–∫–∞–∑–∞–Ω–Ω—ã–º –∏–¥–µ–Ω—Ç–∏—Ñ–∏–∫–∞—Ç–æ—Ä–æ–º –Ω–µ –Ω–∞–π–¥–µ–Ω–∞ !  - —Å—Ç—Ä.53 –≤ —Ñ–∞–π–ª–µ C:\OpenServer\domains\php2\lesson6\classes\AbstractModel.php
2015:03:09 19:33:16 - –ó–∞–ø–∏—Å—å —Å —É–∫–∞–∑–∞–Ω–Ω—ã–º –∏–¥–µ–Ω—Ç–∏—Ñ–∏–∫–∞—Ç–æ—Ä–æ–º –Ω–µ –Ω–∞–π–¥–µ–Ω–∞ !  - —Å—Ç—Ä.53 –≤ —Ñ–∞–π–ª–µ C:\OpenServer\domains\php2\lesson6\classes\AbstractModel.php
2015:03:09 19:34:03 - –ó–∞–ø–∏—Å—å —Å —É–∫–∞–∑–∞–Ω–Ω—ã–º –∏–¥–µ–Ω—Ç–∏—Ñ–∏–∫–∞—Ç–æ—Ä–æ–º –Ω–µ –Ω–∞–π–¥–µ–Ω–∞ !  - —Å—Ç—Ä.53 –≤ —Ñ–∞–π–ª–µ C:\OpenServer\domains\php2\lesson6\classes\AbstractModel.php
2015:03:09 19:36:07 - –ó–∞–ø–∏—Å—å —Å —É–∫–∞–∑–∞–Ω–Ω—ã–º –∏–¥–µ–Ω—Ç–∏—Ñ–∏–∫–∞—Ç–æ—Ä–æ–º –Ω–µ –Ω–∞–π–¥–µ–Ω–∞ !  - —Å—Ç—Ä.53 –≤ —Ñ–∞–π–ª–µ C:\OpenServer\domains\php2\lesson6\classes\AbstractModel.php
